[debug] [2021-10-30T21:55:24.315Z] ----------------------------------------------------------------------
[debug] [2021-10-30T21:55:24.317Z] Command:       C:\Program Files\nodejs\node.exe C:\Program Files\nodejs\node_modules\firebase-tools\lib\bin\firebase.js deploy
[debug] [2021-10-30T21:55:24.318Z] CLI Version:   9.21.0
[debug] [2021-10-30T21:55:24.318Z] Platform:      win32
[debug] [2021-10-30T21:55:24.318Z] Node Version:  v14.17.6
[debug] [2021-10-30T21:55:24.319Z] Time:          Sat Oct 30 2021 23:55:24 GMT+0200 (hora de verano de Europa central)
[debug] [2021-10-30T21:55:24.319Z] ----------------------------------------------------------------------
[debug] 
[debug] [2021-10-30T21:55:24.368Z] > command requires scopes: ["email","openid","https://www.googleapis.com/auth/cloudplatformprojects.readonly","https://www.googleapis.com/auth/firebase","https://www.googleapis.com/auth/cloud-platform"]
[debug] [2021-10-30T21:55:24.368Z] > authorizing via signed-in user (diegopaginidev@gmail.com)
[debug] [2021-10-30T21:55:24.368Z] [iam] checking project iglesia-next for permissions ["firebase.projects.get","firebasehosting.sites.update"]
[debug] [2021-10-30T21:55:24.370Z] > refreshing access token with scopes: ["email","https://www.googleapis.com/auth/cloud-platform","https://www.googleapis.com/auth/cloudplatformprojects.readonly","https://www.googleapis.com/auth/firebase","openid"]
[debug] [2021-10-30T21:55:24.371Z] >>> HTTP REQUEST POST https://www.googleapis.com/oauth2/v3/token  
 <request body omitted>
[debug] [2021-10-30T21:55:26.770Z] <<< HTTP RESPONSE 200 {"pragma":"no-cache","cache-control":"no-cache, no-store, max-age=0, must-revalidate","date":"Sat, 30 Oct 2021 21:55:26 GMT","expires":"Mon, 01 Jan 1990 00:00:00 GMT","content-type":"application/json; charset=utf-8","vary":"X-Origin, Referer, Origin,Accept-Encoding","server":"scaffolding on HTTPServer2","x-xss-protection":"0","x-frame-options":"SAMEORIGIN","x-content-type-options":"nosniff","alt-svc":"h3=\":443\"; ma=2592000,h3-29=\":443\"; ma=2592000,h3-Q050=\":443\"; ma=2592000,h3-Q046=\":443\"; ma=2592000,h3-Q043=\":443\"; ma=2592000,quic=\":443\"; ma=2592000; v=\"46,43\"","accept-ranges":"none","transfer-encoding":"chunked"}
[debug] [2021-10-30T21:55:26.784Z] >>> HTTP REQUEST POST https://cloudresourcemanager.googleapis.com/v1/projects/iglesia-next:testIamPermissions  
 {"permissions":["firebase.projects.get","firebasehosting.sites.update"]}
[debug] [2021-10-30T21:55:27.607Z] <<< HTTP RESPONSE 200 {"content-type":"application/json; charset=UTF-8","vary":"X-Origin, Referer, Origin,Accept-Encoding","date":"Sat, 30 Oct 2021 21:55:27 GMT","server":"ESF","cache-control":"private","x-xss-protection":"0","x-frame-options":"SAMEORIGIN","x-content-type-options":"nosniff","server-timing":"gfet4t7; dur=667","alt-svc":"h3=\":443\"; ma=2592000,h3-29=\":443\"; ma=2592000,h3-Q050=\":443\"; ma=2592000,h3-Q046=\":443\"; ma=2592000,h3-Q043=\":443\"; ma=2592000,quic=\":443\"; ma=2592000; v=\"46,43\"","accept-ranges":"none","transfer-encoding":"chunked"}
[debug] [2021-10-30T21:55:27.609Z] > refreshing access token with scopes: []
[debug] [2021-10-30T21:55:27.609Z] >>> HTTP REQUEST POST https://www.googleapis.com/oauth2/v3/token  
 <request body omitted>
[debug] [2021-10-30T21:55:29.957Z] <<< HTTP RESPONSE 200 {"expires":"Mon, 01 Jan 1990 00:00:00 GMT","cache-control":"no-cache, no-store, max-age=0, must-revalidate","date":"Sat, 30 Oct 2021 21:55:29 GMT","pragma":"no-cache","content-type":"application/json; charset=utf-8","vary":"X-Origin, Referer, Origin,Accept-Encoding","server":"scaffolding on HTTPServer2","x-xss-protection":"0","x-frame-options":"SAMEORIGIN","x-content-type-options":"nosniff","alt-svc":"h3=\":443\"; ma=2592000,h3-29=\":443\"; ma=2592000,h3-Q050=\":443\"; ma=2592000,h3-Q046=\":443\"; ma=2592000,h3-Q043=\":443\"; ma=2592000,quic=\":443\"; ma=2592000; v=\"46,43\"","accept-ranges":"none","transfer-encoding":"chunked"}
[debug] [2021-10-30T21:55:29.973Z] >>> [apiv2][query] GET https://firebase.googleapis.com/v1beta1/projects/iglesia-next [none]
[debug] [2021-10-30T21:55:41.629Z] Failed to make request to https://firebase.googleapis.com/v1beta1/projects/iglesia-next
[debug] [2021-10-30T21:55:47.247Z] FirebaseError: Failed to make request to https://firebase.googleapis.com/v1beta1/projects/iglesia-next
    at Client.doRequest (C:\Users\diego\AppData\Roaming\nvm\v14.17.6\node_modules\firebase-tools\lib\apiv2.js:213:19)
    at processTicksAndRejections (internal/process/task_queues.js:95:5)
    at async Client.request (C:\Users\diego\AppData\Roaming\nvm\v14.17.6\node_modules\firebase-tools\lib\apiv2.js:96:20)
    at async Object.getFirebaseProject (C:\Users\diego\AppData\Roaming\nvm\v14.17.6\node_modules\firebase-tools\lib\management\projects.js:290:21)
    at async Object.getDefaultHostingSite (C:\Users\diego\AppData\Roaming\nvm\v14.17.6\node_modules\firebase-tools\lib\getDefaultHostingSite.js:8:21)
    at async requireHostingSite (C:\Users\diego\AppData\Roaming\nvm\v14.17.6\node_modules\firebase-tools\lib\requireHostingSite.js:9:18)
    at async Object.fn (C:\Users\diego\AppData\Roaming\nvm\v14.17.6\node_modules\firebase-tools\lib\commands\deploy.js:65:9)
    at async C:\Users\diego\AppData\Roaming\nvm\v14.17.6\node_modules\firebase-tools\lib\command.js:188:17
[error] 
[error] Error: Failed to get Firebase project iglesia-next. Please make sure the project exists and your account has permission to access it.
